<?xml version="1.0" encoding="UTF-8"?>
<testng-results ignored="0" total="2" passed="2" failed="0" skipped="0">
  <reporter-output>
  </reporter-output>
  <suite started-at="2025-05-04T21:07:29 EDT" name="OpenCart Master Test Suite" finished-at="2025-05-04T21:07:45 EDT" duration-ms="16076">
    <groups>
      <group name="Master">
        <method signature="TC001_AccountRegistrationTest.verifyAccountRegistration()[pri:0, instance:testCases.TC001_AccountRegistrationTest@302f7971]" name="verifyAccountRegistration" class="testCases.TC001_AccountRegistrationTest"/>
        <method signature="TC002_LoginTest.verifyLogin()[pri:0, instance:testCases.TC002_LoginTest@6057aebb]" name="verifyLogin" class="testCases.TC002_LoginTest"/>
      </group> <!-- Master -->
      <group name="Sanity">
        <method signature="TC002_LoginTest.verifyLogin()[pri:0, instance:testCases.TC002_LoginTest@6057aebb]" name="verifyLogin" class="testCases.TC002_LoginTest"/>
      </group> <!-- Sanity -->
      <group name="Regression">
        <method signature="TC001_AccountRegistrationTest.verifyAccountRegistration()[pri:0, instance:testCases.TC001_AccountRegistrationTest@302f7971]" name="verifyAccountRegistration" class="testCases.TC001_AccountRegistrationTest"/>
      </group> <!-- Regression -->
    </groups>
    <test started-at="2025-05-04T21:07:29 EDT" name="OpenCart Test Cases" finished-at="2025-05-04T21:07:45 EDT" duration-ms="16076">
      <class name="testCases.TC002_LoginTest">
        <test-method is-config="true" signature="setup(java.lang.String,java.lang.String)[pri:0, instance:testCases.TC002_LoginTest@6057aebb]" started-at="2025-05-04T21:07:37 EDT" name="setup" finished-at="2025-05-04T21:07:42 EDT" duration-ms="4795" status="PASS">
          <params>
            <param index="0">
              <value>
                <![CDATA[Windows 11]]>
              </value>
            </param>
            <param index="1">
              <value>
                <![CDATA[Microsoft Edge]]>
              </value>
            </param>
          </params>
          <reporter-output>
          </reporter-output>
        </test-method> <!-- setup -->
        <test-method signature="verifyLogin()[pri:0, instance:testCases.TC002_LoginTest@6057aebb]" started-at="2025-05-04T21:07:42 EDT" name="verifyLogin" finished-at="2025-05-04T21:07:43 EDT" duration-ms="1506" status="PASS">
          <reporter-output>
          </reporter-output>
        </test-method> <!-- verifyLogin -->
        <test-method is-config="true" signature="tearDown()[pri:0, instance:testCases.TC002_LoginTest@6057aebb]" started-at="2025-05-04T21:07:43 EDT" name="tearDown" finished-at="2025-05-04T21:07:45 EDT" duration-ms="1402" status="PASS">
          <reporter-output>
          </reporter-output>
        </test-method> <!-- tearDown -->
      </class> <!-- testCases.TC002_LoginTest -->
      <class name="testCases.TC001_AccountRegistrationTest">
        <test-method is-config="true" signature="setup(java.lang.String,java.lang.String)[pri:0, instance:testCases.TC001_AccountRegistrationTest@302f7971]" started-at="2025-05-04T21:07:29 EDT" name="setup" finished-at="2025-05-04T21:07:34 EDT" duration-ms="4923" status="PASS">
          <params>
            <param index="0">
              <value>
                <![CDATA[Windows 11]]>
              </value>
            </param>
            <param index="1">
              <value>
                <![CDATA[Microsoft Edge]]>
              </value>
            </param>
          </params>
          <reporter-output>
          </reporter-output>
        </test-method> <!-- setup -->
        <test-method signature="verifyAccountRegistration()[pri:0, instance:testCases.TC001_AccountRegistrationTest@302f7971]" started-at="2025-05-04T21:07:34 EDT" name="verifyAccountRegistration" finished-at="2025-05-04T21:07:35 EDT" duration-ms="1924" status="PASS">
          <reporter-output>
          </reporter-output>
        </test-method> <!-- verifyAccountRegistration -->
        <test-method is-config="true" signature="tearDown()[pri:0, instance:testCases.TC001_AccountRegistrationTest@302f7971]" started-at="2025-05-04T21:07:35 EDT" name="tearDown" finished-at="2025-05-04T21:07:37 EDT" duration-ms="1397" status="PASS">
          <reporter-output>
          </reporter-output>
        </test-method> <!-- tearDown -->
      </class> <!-- testCases.TC001_AccountRegistrationTest -->
    </test> <!-- OpenCart Test Cases -->
  </suite> <!-- OpenCart Master Test Suite -->
</testng-results>
